<?xml version="1.0" encoding="UTF-8"?>
<!-- Generated by org.testng.reporters.JUnitXMLReporter -->
<testsuite ignored="0" hostname="LAPTOP-BCTU6GA5" failures="0" tests="4" name="Default test" time="10.171" errors="0" timestamp="2023-05-24T22:43:05 IST">
  <testcase classname="api.test.EmployeeTest" name="postEmployee" time="3.553"/>
  <testcase classname="api.test.EmployeeTest" name="getEmployee" time="2.099"/>
  <testcase classname="api.test.EmployeeTest" name="putEmployee" time="2.095"/>
  <testcase classname="api.test.EmployeeTest" name="deleteEmployee" time="2.092"/>
</testsuite> <!-- Default test -->
