<?xml version="1.0" encoding="UTF-8"?>
<!-- Generated by org.testng.reporters.JUnitXMLReporter -->
<testsuite ignored="0" hostname="LAPTOP-BCTU6GA5" failures="0" tests="4" name="Test" time="10.725" errors="0" timestamp="2023-05-25T18:51:51 IST">
  <testcase classname="api.test.EmployeeTest2" name="postEmployee" time="3.565"/>
  <testcase classname="api.test.EmployeeTest2" name="getEmployee" time="2.111"/>
  <testcase classname="api.test.EmployeeTest2" name="putEmployee" time="2.053"/>
  <testcase classname="api.test.EmployeeTest2" name="deleteEmployee" time="2.08"/>
</testsuite> <!-- Test -->
