<?xml version="1.0" encoding="UTF-8"?>
<!-- Generated by org.testng.reporters.JUnitXMLReporter -->
<testsuite ignored="0" hostname="LAPTOP-BCTU6GA5" failures="0" tests="4" name="Test" time="10.636" errors="0" timestamp="2023-05-25T19:25:53 IST">
  <testcase classname="api.test.EmployeeTest2" name="postEmployee" time="3.489"/>
  <testcase classname="api.test.EmployeeTest2" name="getEmployee" time="2.091"/>
  <testcase classname="api.test.EmployeeTest2" name="putEmployee" time="2.09"/>
  <testcase classname="api.test.EmployeeTest2" name="deleteEmployee" time="2.09"/>
</testsuite> <!-- Test -->
