<?xml version="1.0" encoding="UTF-8"?>
<testng-results ignored="0" total="4" passed="4" failed="0" skipped="0">
  <reporter-output>
  </reporter-output>
  <suite started-at="2023-05-25T19:25:43 IST" name="EmpSuite" finished-at="2023-05-25T19:25:53 IST" duration-ms="10636">
    <groups>
    </groups>
    <test started-at="2023-05-25T19:25:43 IST" name="Test" finished-at="2023-05-25T19:25:53 IST" duration-ms="10636">
      <class name="api.test.EmployeeTest2">
        <test-method is-config="true" signature="setData()[pri:0, instance:api.test.EmployeeTest2@3f197a46]" started-at="2023-05-25T19:25:43 IST" name="setData" finished-at="2023-05-25T19:25:43 IST" duration-ms="711" status="PASS">
          <reporter-output>
          </reporter-output>
        </test-method> <!-- setData -->
        <test-method signature="postEmployee()[pri:1, instance:api.test.EmployeeTest2@3f197a46]" started-at="2023-05-25T19:25:43 IST" name="postEmployee" finished-at="2023-05-25T19:25:47 IST" duration-ms="3489" status="PASS">
          <reporter-output>
          </reporter-output>
        </test-method> <!-- postEmployee -->
        <test-method signature="getEmployee()[pri:2, instance:api.test.EmployeeTest2@3f197a46]" started-at="2023-05-25T19:25:47 IST" name="getEmployee" finished-at="2023-05-25T19:25:49 IST" duration-ms="2091" status="PASS">
          <reporter-output>
          </reporter-output>
        </test-method> <!-- getEmployee -->
        <test-method signature="putEmployee()[pri:3, instance:api.test.EmployeeTest2@3f197a46]" started-at="2023-05-25T19:25:49 IST" name="putEmployee" finished-at="2023-05-25T19:25:51 IST" duration-ms="2090" status="PASS">
          <reporter-output>
          </reporter-output>
        </test-method> <!-- putEmployee -->
        <test-method signature="deleteEmployee()[pri:4, instance:api.test.EmployeeTest2@3f197a46]" started-at="2023-05-25T19:25:51 IST" name="deleteEmployee" finished-at="2023-05-25T19:25:53 IST" duration-ms="2090" status="PASS">
          <reporter-output>
          </reporter-output>
        </test-method> <!-- deleteEmployee -->
      </class> <!-- api.test.EmployeeTest2 -->
    </test> <!-- Test -->
  </suite> <!-- EmpSuite -->
</testng-results>
