<?xml version="1.0" encoding="UTF-8"?>
<testsuite xmlns:xsi="http://www.w3.org/2001/XMLSchema-instance" xsi:noNamespaceSchemaLocation="https://maven.apache.org/surefire/maven-surefire-plugin/xsd/surefire-test-report-3.0.xsd" version="3.0" name="TestSuite" time="11.539" tests="4" errors="0" skipped="0" failures="0">
  <properties>
[...]
</properties>
  <testcase name="postEmployee" classname="api.test.EmployeeTest2" time="3.523">
    <system-out><![CDATA[{
    "id": 2031,
    "name": "Margret O'Keefe I",
    "jobtitle": "Education Orchestrator",
    "location": "Chestermouth"
}
]]></system-out>
    <system-err><![CDATA[SLF4J: Failed to load class "org.slf4j.impl.StaticLoggerBinder".
SLF4J: Defaulting to no-operation (NOP) logger implementation
SLF4J: See http://www.slf4j.org/codes.html#StaticLoggerBinder for further details.
]]></system-err>
  </testcase>
  <testcase name="getEmployee" classname="api.test.EmployeeTest2" time="2.093">
    <system-out><![CDATA[{
    "id": 2031,
    "name": "Margret O'Keefe I",
    "jobtitle": "Education Orchestrator",
    "location": "Chestermouth"
}
]]></system-out>
  </testcase>
  <testcase name="putEmployee" classname="api.test.EmployeeTest2" time="2.084">
    <system-out><![CDATA[{
    "id": 2031,
    "name": "Lowell Eichmann",
    "jobtitle": "Education Liaison",
    "location": "Chestermouth"
}
]]></system-out>
  </testcase>
  <testcase name="deleteEmployee" classname="api.test.EmployeeTest2" time="2.088">
    <system-out><![CDATA[HTTP/1.1 200 OK
X-Powered-By: Express
Vary: Origin, Accept-Encoding
Access-Control-Allow-Credentials: true
Cache-Control: no-cache
Pragma: no-cache
Expires: -1
X-Content-Type-Options: nosniff
Content-Type: application/json; charset=utf-8
Content-Length: 2
ETag: W/"2-vyGp6PvFo4RvsFtPoIWeCReyIC8"
Date: Thu, 25 May 2023 13:55:53 GMT
Connection: keep-alive
Keep-Alive: timeout=5

{
    
}
]]></system-out>
  </testcase>
</testsuite>